
                  X               _temp_2     

                0.               480.72E-06   
               78.037E-03        484.452E-06  
              157.405E-03        494.E-06     
              237.985E-03        507.282E-06  
              317.362E-03        -29.3248E-06 
              397.906E-03       -596.063E-06  
              477.291E-03       -704.083E-06  
              557.795E-03       -801.066E-06  
              637.189E-03       -919.989E-06  
              717.651E-03         -1.02612E-03
              797.054E-03         -1.15827E-03
              877.472E-03         -1.27507E-03
              956.891E-03         -1.42314E-03
                1.03725           -1.55224E-03
                1.11668           -1.71956E-03
                1.19698           -1.86283E-03
                1.27641           -2.05329E-03
                1.35667           -2.21267E-03
                1.43604           -2.43107E-03
                1.51629           -2.60825E-03
                1.59544           -2.86074E-03
                1.67585           -3.06021E-03
                1.75484           -3.24704E-03
                1.75803           -3.26652E-03
                1.90175           -4.08697E-03
                1.90467           -4.09502E-03
                1.9838            -4.1097E-03 
                2.01036           -3.02699E-03
                2.57462            3.3773E-03 
                2.62447            3.49364E-03
                2.70472            3.53371E-03
                2.78489            3.52247E-03
                2.86534            3.45187E-03
                2.94545            3.40159E-03
                3.02587            3.34272E-03
                3.10599            3.31711E-03
                3.1864             3.27986E-03
                3.26652            3.26136E-03
                3.34692            3.23052E-03
                3.42704            3.21446E-03
                3.50743            3.18762E-03
                3.58756            3.17223E-03
                3.66794            3.14769E-03
                3.74807            3.13256E-03
                3.82844            3.10979E-03
                3.90857            3.09483E-03
                3.98894            3.0735E-03 
                4.06907            3.05878E-03
                4.14942            3.03872E-03
                4.22956            3.02431E-03
                4.30991            3.00539E-03
                4.39004            2.99137E-03
                4.47038            2.97351E-03
                4.55052            2.95995E-03
                4.63086            2.94308E-03
                4.71099            2.93002E-03
                4.79132            2.91409E-03
                4.87146            2.90158E-03
                4.95179            2.88654E-03
                5.03193            2.87461E-03
                5.11224            2.86043E-03
                5.19239            2.84911E-03
                5.2727             2.83576E-03
                5.35285            2.82507E-03
                5.43315            2.81253E-03
                5.5133             2.80248E-03
                5.59359            2.79074E-03
                5.67375            2.78134E-03
                5.75404            2.77038E-03
                5.83419            2.76165E-03
                5.91448            2.75146E-03
                5.99464            2.74341E-03
                6.07491            2.73397E-03
                6.15508            2.7266E-03 
                6.23535            2.71792E-03
                6.31551            2.71124E-03
                6.39578            2.7033E-03 
                6.47595            2.69732E-03
                6.55621            2.69012E-03
                6.63638            2.68486E-03
                6.71663            2.67841E-03
                6.79681            2.67387E-03
                6.87706            2.66817E-03
                6.95724            2.66439E-03
                7.03748            2.65945E-03
                7.11767            2.65648E-03
                7.19791            2.65232E-03
                7.2781             2.65022E-03
                7.35833            2.64687E-03
                7.43852            2.64561E-03
                7.51875            2.64311E-03
                7.59895            2.64253E-03
                7.67917            2.64087E-03
                7.75937            2.64073E-03
                7.83959            2.63977E-03
                7.91979            2.63994E-03
                8.                 2.63945E-03
                8.08022            2.63994E-03
                8.16042            2.63977E-03
                8.24064            2.64073E-03
                8.32084            2.64087E-03
                8.40106            2.64253E-03
                8.48126            2.64311E-03
                8.56149            2.64561E-03
                8.64168            2.64687E-03
                8.72191            2.65022E-03
                8.8021             2.65232E-03
                8.88234            2.65648E-03
                8.96253            2.65945E-03
                9.04277            2.66439E-03
                9.12295            2.66817E-03
                9.2032             2.67387E-03
                9.28338            2.67841E-03
                9.36363            2.68486E-03
                9.4438             2.69012E-03
                9.52406            2.69732E-03
                9.60423            2.7033E-03 
                9.6845             2.71124E-03
                9.76466            2.71792E-03
                9.84493            2.7266E-03 
                9.9251             2.73397E-03
               10.0054             2.74341E-03
               10.0855             2.75146E-03
               10.1658             2.76165E-03
               10.246              2.77038E-03
               10.3263             2.78134E-03
               10.4064             2.79074E-03
               10.4867             2.80248E-03
               10.5669             2.81253E-03
               10.6472             2.82507E-03
               10.7273             2.83576E-03
               10.8076             2.84911E-03
               10.8878             2.86043E-03
               10.9681             2.87461E-03
               11.0482             2.88654E-03
               11.1285             2.90158E-03
               11.2087             2.91409E-03
               11.289              2.93002E-03
               11.3692             2.94308E-03
               11.4495             2.95995E-03
               11.5296             2.97351E-03
               11.61               2.99137E-03
               11.6901             3.00539E-03
               11.7705             3.02431E-03
               11.8506             3.03872E-03
               11.9309             3.05878E-03
               12.0111             3.0735E-03 
               12.0914             3.09483E-03
               12.1716             3.10979E-03
               12.2519             3.13256E-03
               12.3321             3.14769E-03
               12.4124             3.17223E-03
               12.4926             3.18762E-03
               12.573              3.21446E-03
               12.6531             3.23052E-03
               12.7335             3.26136E-03
               12.8136             3.27986E-03
               12.894              3.31711E-03
               12.9741             3.34272E-03
               13.0546             3.40159E-03
               13.1347             3.45187E-03
               13.2151             3.52247E-03
               13.2953             3.53371E-03
               13.3755             3.49364E-03
               13.4254             3.3773E-03 
               13.9896            -3.02699E-03
               14.0162            -4.1097E-03 
               14.0953            -4.09502E-03
               14.0983            -4.08697E-03
               14.242             -3.26652E-03
               14.2452            -3.24704E-03
               14.3242            -3.06021E-03
               14.4046            -2.86074E-03
               14.4837            -2.60825E-03
               14.564             -2.43107E-03
               14.6433            -2.21267E-03
               14.7236            -2.05329E-03
               14.803             -1.86283E-03
               14.8833            -1.71956E-03
               14.9628            -1.55224E-03
               15.0431            -1.42314E-03
               15.1225            -1.27507E-03
               15.2029            -1.15827E-03
               15.2824            -1.02612E-03
               15.3628          -919.989E-06  
               15.4422          -801.066E-06  
               15.5227          -704.083E-06  
               15.6021          -596.063E-06  
               15.6826           -29.3248E-06 
               15.762            507.282E-06  
               15.8426           494.E-06     
               15.922            484.452E-06  
               16.               480.718E-06  




