
                  X               _temp_1     

                0.              -134.249E-06  
               79.0388E-03      -197.629E-06  
               79.0572E-03      -197.629E-06  
              159.043E-03       -327.175E-06  
              239.014E-03       -460.838E-06  
              239.033E-03       -460.838E-06  
              318.998E-03       -599.718E-06  
              398.946E-03       -745.677E-06  
              478.889E-03       -899.937E-06  
              558.812E-03         -1.06459E-03
              638.719E-03         -1.24104E-03
              718.614E-03         -1.43171E-03
              798.491E-03         -1.63823E-03
              878.352E-03         -1.86349E-03
              958.194E-03         -2.10943E-03
                1.03802           -2.37952E-03
                1.11782           -2.67611E-03
                1.19759           -3.00346E-03
                1.27734           -3.36439E-03
                1.35705           -3.76417E-03
                1.43674           -4.20627E-03
                1.51638           -4.69721E-03
                1.59599           -5.24126E-03
                1.67554           -5.84655E-03
                1.75505           -6.51837E-03
                1.8345            -7.26687E-03
                1.91389           -8.09866E-03
                1.99321           -7.84648E-03
                2.05193           -6.22918E-03
                2.34298            1.07626E-03
                2.3922             1.2748E-03 
                2.47233            1.75598E-03
                2.55248            1.98332E-03
                2.63264            2.06745E-03
                2.71281            2.08216E-03
                2.79298            2.06715E-03
                2.87314            2.04151E-03
                2.9533             2.01219E-03
                3.03346            1.98183E-03
                3.11362            1.95073E-03
                3.19378            1.9194E-03 
                3.27393            1.88788E-03
                3.35408            1.85667E-03
                3.43422            1.82583E-03
                3.51437            1.79568E-03
                3.59451            1.76616E-03
                3.67465            1.73739E-03
                3.75479            1.70926E-03
                3.83493            1.68184E-03
                3.91506            1.65505E-03
                3.99519            1.62895E-03
                4.07532            1.60349E-03
                4.15545            1.57871E-03
                4.23557            1.55456E-03
                4.3157             1.53105E-03
                4.39582            1.50815E-03
                4.47594            1.48588E-03
                4.55605            1.46422E-03
                4.63617            1.44316E-03
                4.71628            1.42269E-03
                4.7964             1.40281E-03
                4.87651            1.38351E-03
                4.95662            1.36478E-03
                5.03673            1.34663E-03
                5.11684            1.32903E-03
                5.19694            1.31198E-03
                5.27705            1.29549E-03
                5.35715            1.27954E-03
                5.43725            1.26412E-03
                5.51735            1.24923E-03
                5.59745            1.23487E-03
                5.67755            1.22104E-03
                5.75765            1.20771E-03
                5.83774            1.1949E-03 
                5.91784            1.18259E-03
                5.99793            1.17079E-03
                6.07802            1.15949E-03
                6.15811            1.14867E-03
                6.23821            1.13834E-03
                6.3183             1.12851E-03
                6.39839            1.11915E-03
                6.47848            1.11027E-03
                6.55857            1.10186E-03
                6.63865            1.09394E-03
                6.71874            1.08647E-03
                6.79883            1.07948E-03
                6.87891            1.07294E-03
                6.959              1.06688E-03
                7.03908            1.06126E-03
                7.11917            1.05611E-03
                7.19925            1.0514E-03 
                7.27934            1.04716E-03
                7.35942            1.04336E-03
                7.4395             1.04001E-03
                7.51959            1.03711E-03
                7.59967            1.03466E-03
                7.67975            1.03266E-03
                7.75983            1.0311E-03 
                7.83992            1.02999E-03
                7.92               1.02933E-03
                8.00008            1.02912E-03
                8.08016            1.02933E-03
                8.16024            1.02999E-03
                8.24033            1.0311E-03 
                8.32041            1.03266E-03
                8.40049            1.03466E-03
                8.48058            1.03711E-03
                8.56066            1.04001E-03
                8.64074            1.04336E-03
                8.72083            1.04716E-03
                8.80091            1.0514E-03 
                8.88099            1.05611E-03
                8.96108            1.06126E-03
                9.04116            1.06688E-03
                9.12125            1.07294E-03
                9.20134            1.07948E-03
                9.28142            1.08647E-03
                9.36151            1.09394E-03
                9.4416             1.10186E-03
                9.52169            1.11027E-03
                9.60177            1.11915E-03
                9.68186            1.12851E-03
                9.76195            1.13834E-03
                9.84205            1.14867E-03
                9.92214            1.15949E-03
               10.0022             1.17079E-03
               10.0823             1.18259E-03
               10.1624             1.1949E-03 
               10.2425             1.20771E-03
               10.3226             1.22104E-03
               10.4027             1.23487E-03
               10.4828             1.24923E-03
               10.5629             1.26412E-03
               10.643              1.27954E-03
               10.7231             1.29549E-03
               10.8032             1.31198E-03
               10.8833             1.32903E-03
               10.9634             1.34663E-03
               11.0435             1.36478E-03
               11.1237             1.38351E-03
               11.2038             1.40281E-03
               11.2839             1.42269E-03
               11.364              1.44316E-03
               11.4441             1.46422E-03
               11.5242             1.48588E-03
               11.6043             1.50815E-03
               11.6845             1.53105E-03
               11.7646             1.55456E-03
               11.8447             1.57871E-03
               11.9248             1.60349E-03
               12.005              1.62895E-03
               12.0851             1.65505E-03
               12.1652             1.68184E-03
               12.2454             1.70926E-03
               12.3255             1.73739E-03
               12.4057             1.76616E-03
               12.4858             1.79568E-03
               12.5659             1.82583E-03
               12.6461             1.85667E-03
               12.7262             1.88788E-03
               12.8064             1.9194E-03 
               12.8865             1.95073E-03
               12.9667             1.98183E-03
               13.0469             2.01219E-03
               13.127              2.04151E-03
               13.2072             2.06715E-03
               13.2873             2.08216E-03
               13.3675             2.06745E-03
               13.4477             1.98332E-03
               13.5278             1.75598E-03
               13.608              1.2748E-03 
               13.6572             1.07626E-03
               13.9482            -6.22918E-03
               14.007             -7.84648E-03
               14.0863            -8.09866E-03
               14.1657            -7.26687E-03
               14.2451            -6.51837E-03
               14.3246            -5.84655E-03
               14.4042            -5.24126E-03
               14.4838            -4.69721E-03
               14.5634            -4.20627E-03
               14.6431            -3.76417E-03
               14.7228            -3.36439E-03
               14.8026            -3.00346E-03
               14.8823            -2.67611E-03
               14.9621            -2.37952E-03
               15.042             -2.10943E-03
               15.1218            -1.86349E-03
               15.2017            -1.63823E-03
               15.2815            -1.43171E-03
               15.3614            -1.24104E-03
               15.4413            -1.06459E-03
               15.5213          -899.937E-06  
               15.6012          -745.677E-06  
               15.6812          -599.718E-06  
               15.7611          -460.838E-06  
               15.8411          -327.175E-06  
               15.9211          -197.629E-06  
               16.0001          -134.249E-06  




