
                  X               _temp_2     

                0.               -36.8131E-06 
               79.9833E-03        -8.30484E-06
              159.998E-03         -3.45751E-06
              239.983E-03         -1.79058E-06
              320.E-03          -705.2E-09    
              399.984E-03       -367.779E-09  
              480.E-03          -239.635E-09  
              559.985E-03         49.2259E-09 
              640.002E-03       -294.38E-09   
              719.986E-03        264.893E-09  
              800.006E-03       -535.185E-09  
              879.99E-03         418.022E-09  
              960.008E-03       -963.276E-09  
                1.03999          450.695E-09  
                1.12001           -1.75408E-06
                1.19999          329.389E-09  
                1.28002           -3.5929E-06 
                1.36               1.0939E-06 
                1.44002          -14.1451E-06 
                1.52             -83.781E-06  
                1.60001         -167.56E-06   
                1.67998         -352.088E-06  
                1.75996         -739.485E-06  
                1.83986           -1.57358E-03
                1.91971           -3.37059E-03
                2.00499           -3.28951E-03
                2.07916           -1.23111E-03
                2.15914          194.69E-06   
                2.23919          606.13E-06   
                2.2392           606.13E-06   
                2.31925          686.966E-06  
                2.39931          704.122E-06  
                2.47936          680.363E-06  
                2.55942          639.987E-06  
                2.63946          593.754E-06  
                2.71951          550.384E-06  
                2.79955          507.66E-06   
                2.79957          507.66E-06   
                2.87962          469.014E-06  
                2.95965          431.893E-06  
                3.0397           398.81E-06   
                3.11972          367.156E-06  
                3.19976          339.024E-06  
                3.27979          312.097E-06  
                3.2798           312.097E-06  
                3.35984          288.226E-06  
                3.35985          288.226E-06  
                3.43988          265.328E-06  
                3.51991          245.081E-06  
                3.51992          245.081E-06  
                3.59994          225.608E-06  
                3.67997          208.446E-06  
                3.67998          208.446E-06  
                3.76             191.891E-06  
                3.84003          177.34E-06   
                3.92004          163.242E-06  
                4.00006          150.945E-06  
                4.08008          138.992E-06  
                4.16009          128.526E-06  
                4.2401           118.309E-06  
                4.32012          109.488E-06  
                4.40013          100.825E-06  
                4.48014           93.354E-06  
                4.56015           85.9863E-06 
                4.64016           79.6766E-06 
                4.72017           73.4154E-06 
                4.80018           68.0903E-06 
                4.88019           62.7705E-06 
                4.9602            58.2867E-06 
                5.0402            53.7684E-06 
                5.12021           50.0031E-06 
                5.20022           46.17E-06   
                5.28022           43.0192E-06 
                5.36023           39.7705E-06 
                5.44023           37.147E-06  
                5.52024           34.3981E-06 
                5.60024           32.2304E-06 
                5.68024           29.9115E-06 
                5.76025           28.1411E-06 
                5.84026           26.1923E-06 
                5.92026           24.7701E-06 
                6.00027           23.1406E-06 
                6.08027           22.0273E-06 
                6.16028           20.6768E-06 
                6.24028           19.839E-06  
                6.32028           18.7283E-06 
                6.40029           18.1266E-06 
                6.48029           17.2229E-06 
                6.56029           16.8067E-06 
                6.64029           16.0892E-06 
                6.7203            15.8168E-06 
                6.8003            15.2532E-06 
                6.88031           15.0805E-06 
                6.96031           14.6447E-06 
                7.04031           14.5391E-06 
                7.12032           14.206E-06  
                7.20032           14.1459E-06 
                7.28032           13.8935E-06 
                7.36032           13.8653E-06 
                7.44033           13.6748E-06 
                7.52033           13.6709E-06 
                7.60033           13.5276E-06 
                7.68033           13.544E-06  
                7.76034           13.4369E-06 
                7.84034           13.4724E-06 
                7.92035           13.3937E-06 
                8.00035           13.4493E-06 
                8.08036           13.3937E-06 
                8.16036           13.4724E-06 
                8.24036           13.4369E-06 
                8.32037           13.544E-06  
                8.40037           13.5276E-06 
                8.48037           13.6709E-06 
                8.56038           13.6748E-06 
                8.64038           13.8653E-06 
                8.72038           13.8934E-06 
                8.80038           14.1459E-06 
                8.88039           14.2061E-06 
                8.96039           14.539E-06  
                9.04039           14.6447E-06 
                9.12039           15.0805E-06 
                9.2004            15.2532E-06 
                9.2804            15.8168E-06 
                9.3604            16.0892E-06 
                9.44041           16.8068E-06 
                9.52041           17.2229E-06 
                9.60041           18.1266E-06 
                9.68042           18.7281E-06 
                9.76042           19.839E-06  
                9.84043           20.6769E-06 
                9.92043           22.0273E-06 
               10.0004            23.1405E-06 
               10.0804            24.7699E-06 
               10.1604            26.1921E-06 
               10.2404            28.1412E-06 
               10.3205            29.912E-06  
               10.4005            32.2307E-06 
               10.4805            34.398E-06  
               10.5605            37.1465E-06 
               10.6405            39.7698E-06 
               10.7205            43.019E-06  
               10.8005            46.1705E-06 
               10.8805            50.0037E-06 
               10.9605            53.7692E-06 
               11.0405            58.2871E-06 
               11.0405            58.2871E-06 
               11.1205            62.7706E-06 
               11.2005            68.0902E-06 
               11.2006            68.0902E-06 
               11.2806            73.4149E-06 
               11.3606            79.6761E-06 
               11.4406            85.9858E-06 
               11.5206            93.3539E-06 
               11.6006           100.825E-06  
               11.6806           109.488E-06  
               11.6806           109.488E-06  
               11.7606           118.309E-06  
               11.8406           128.526E-06  
               11.9207           138.993E-06  
               12.0007           150.945E-06  
               12.0807           163.242E-06  
               12.1607           177.34E-06   
               12.1607           177.34E-06   
               12.2407           191.89E-06   
               12.3208           208.446E-06  
               12.4008           225.608E-06  
               12.4808           245.081E-06  
               12.5608           265.328E-06  
               12.6409           288.226E-06  
               12.6409           288.226E-06  
               12.7209           312.097E-06  
               12.8009           339.024E-06  
               12.801            339.024E-06  
               12.881            367.156E-06  
               12.961            398.81E-06   
               13.0411           431.893E-06  
               13.1211           469.014E-06  
               13.2012           507.66E-06   
               13.2812           550.384E-06  
               13.3613           593.754E-06  
               13.4413           639.987E-06  
               13.5214           680.363E-06  
               13.6014           704.122E-06  
               13.6815           686.966E-06  
               13.7615           606.13E-06   
               13.8416           194.69E-06   
               13.9215            -1.23111E-03
               13.9957            -3.28951E-03
               14.081             -3.37059E-03
               14.1608            -1.57358E-03
               14.2407          -739.485E-06  
               14.3207          -352.088E-06  
               14.4007          -167.56E-06   
               14.4807           -83.781E-06  
               14.5607           -14.1451E-06 
               14.6407             1.0939E-06 
               14.7207            -3.5929E-06 
               14.8007           329.389E-09  
               14.8807            -1.75408E-06
               14.9607           450.693E-09  
               15.0407          -963.276E-09  
               15.1207           418.021E-09  
               15.2007          -535.185E-09  
               15.2807           264.892E-09  
               15.3607          -294.38E-09   
               15.4407            49.2259E-09 
               15.5207          -239.635E-09  
               15.6007          -367.779E-09  
               15.6807          -705.2E-09    
               15.7607            -1.79058E-06
               15.8407            -3.45751E-06
               15.9207            -8.30485E-06
               16.0007           -36.8131E-06 




