
                  X               _temp_2     

                0.               -38.535E-06  
               79.9914E-03        -3.71126E-06
              159.999E-03       -796.589E-09  
              239.992E-03       -301.099E-09  
              320.E-03          -149.252E-09  
              399.993E-03         85.6662E-09 
              480.001E-03       -219.447E-09  
              559.993E-03        278.205E-09  
              640.001E-03       -380.714E-09  
              719.993E-03        461.03E-09   
              800.002E-03       -571.735E-09  
              879.994E-03        658.396E-09  
              960.003E-03       -792.047E-09  
                1.03999          872.051E-09  
                1.12              -1.07136E-06
                1.19999            1.07053E-06
                1.28              -1.53176E-06
                1.36               1.05782E-06
                1.44001           -2.74671E-06
                1.52             257.29E-09   
                1.60001           -9.29859E-06
                1.67999            1.70108E-06
                1.76             -80.9318E-06 
                1.83997         -408.893E-06  
                1.91993           -1.32084E-03
                2.02324           -1.11246E-03
                2.07971         -319.409E-06  
                2.15971          264.766E-06  
                2.15972          264.766E-06  
                2.23975          299.869E-06   
                2.31978          290.085E-06  
                2.39981          281.618E-06  
                2.47983          260.907E-06  
                2.55986          240.745E-06  
                2.55987          240.745E-06  
                2.63988          219.223E-06  
                2.63989          219.223E-06  
                2.71991          201.893E-06  
                2.79993          183.42E-06   
                2.87995          168.824E-06  
                2.87996          168.824E-06  
                2.95997          153.249E-06  
                3.03999          141.193E-06  
                3.11999          128.09E-06   
                3.20001          118.146E-06  
                3.28002          107.122E-06  
                3.36003           98.9418E-06 
                3.44004           89.6542E-06 
                3.52005           82.9416E-06 
                3.60006           75.1112E-06 
                3.68007           69.6212E-06 
                3.76008           63.0116E-06 
                3.84009           58.5416E-06 
                3.92009           52.9587E-06 
                4.0001            49.3341E-06 
                4.0801            44.6134E-06 
                4.1601            41.6992E-06 
                4.24011           37.7066E-06 
                4.32011           35.3865E-06 
                4.40011           32.0056E-06 
                4.48012           30.1922E-06 
                4.56012           27.3251E-06 
                4.64012           25.9504E-06 
                4.72012           23.5161E-06 
                4.80013           22.5289E-06 
                4.88013           20.459E-06  
                4.96013           19.8079E-06 
                5.04013           18.0472E-06 
                5.12014            8.88243E-06
                5.20014            7.38209E-06
                5.28014            7.42131E-06
                5.36014            6.14291E-06
                5.44014            6.17072E-06
                5.52014            5.08147E-06
                5.60014            5.10556E-06
                5.68014            4.1752E-06 
                5.76014            4.20208E-06
                5.84014            3.41281E-06
                5.92015            3.44439E-06
                6.00014            2.7716E-06 
                6.08015            2.80915E-06
                6.16015            2.23933E-06
                6.24015            2.28234E-06
                6.32015            1.80076E-06
                6.40015            1.84795E-06
                6.48015            1.44232E-06
                6.56015            1.49214E-06
                6.64015            1.15214E-06
                6.72015            1.20277E-06
                6.80015          918.997E-09  
                6.88015          968.75E-09   
                6.96015          732.983E-09  
                7.04015          780.241E-09  
                7.12015          585.188E-09  
                7.20015          628.613E-09  
                7.28015          468.003E-09  
                7.36016          506.27E-09   
                7.44016          374.484E-09  
                7.52016            8.24257E-06
                7.60016            8.13499E-06
                7.68016            8.16946E-06
                7.76016            8.0821E-06 
                7.84016            8.12652E-06
                7.92016            8.05606E-06
                8.00016            8.11236E-06
                8.08016            8.05608E-06
                8.16016            8.12652E-06
                8.24016            8.0821E-06 
                8.32016            8.16946E-06
                8.40016            8.135E-06  
                8.48016            8.24257E-06
                8.56016          374.479E-09  
                8.64016          506.248E-09  
                8.72016          467.958E-09  
                8.80016          628.607E-09  
                8.88016          585.236E-09  
                8.96016          780.263E-09  
                9.04016          732.961E-09  
                9.12016          968.739E-09  
                9.20016          919.007E-09  
                9.28016            1.20276E-06
                9.36016            1.15211E-06
                9.44016            1.49219E-06
                9.52016            1.4424E-06 
                9.60016            1.84782E-06
                9.68017            1.80058E-06
                9.76016            2.28251E-06
                9.84017            2.23954E-06
                9.92016            2.80905E-06
               10.0002             2.77146E-06
               10.0802             3.44408E-06
               10.1602             3.41249E-06
               10.2402             4.20309E-06
               10.3202             4.17645E-06
               10.4002             5.10449E-06
               10.4802             5.07984E-06
               10.5602             6.17079E-06
               10.6402             6.14364E-06
               10.7202             7.42236E-06
               10.8002             7.38256E-06
               10.8802             8.88112E-06
               10.9602            18.0464E-06 
               11.0402            19.8087E-06 
               11.1202            20.4594E-06 
               11.2002            22.5283E-06 
               11.2802            23.516E-06  
               11.3602            25.9506E-06 
               11.4402            27.3249E-06 
               11.5202            30.192E-06  
               11.6002            32.0058E-06 
               11.6802            35.3865E-06 
               11.7602            37.7065E-06 
               11.8402            41.6992E-06 
               11.9202            44.6135E-06 
               12.0002            49.3342E-06 
               12.0802            52.9588E-06 
               12.1602            58.5416E-06 
               12.2402            63.0115E-06 
               12.3202            69.6211E-06 
               12.4003            75.1112E-06 
               12.4803            82.9417E-06 
               12.5603            89.6542E-06 
               12.6403            98.9419E-06 
               12.7203           107.122E-06  
               12.8003           118.146E-06  
               12.8803           128.09E-06   
               12.9603           141.193E-06  
               13.0403           153.249E-06  
               13.1203           168.824E-06  
               13.2004           183.42E-06   
               13.2804           201.893E-06  
               13.3604           219.223E-06  
               13.4404           240.745E-06  
               13.5204           260.907E-06  
               13.6005           281.618E-06  
               13.6005           281.618E-06  
               13.6805           290.085E-06  
               13.7605           299.869E-06  
               13.8406           264.767E-06  
               13.9206          -319.408E-06  
               13.977             -1.11246E-03
               14.0803            -1.32084E-03
               14.1603          -408.893E-06  
               14.2403           -80.9318E-06 
               14.3203             1.70109E-06
               14.4003            -9.29859E-06
               14.4803           257.292E-09  
               14.5603            -2.74671E-06
               14.6403             1.05782E-06
               14.7203            -1.53176E-06
               14.8003             1.07053E-06
               14.8803            -1.07136E-06
               14.9603           872.048E-09  
               15.0403          -792.047E-09  
               15.1203           658.394E-09  
               15.2003          -571.733E-09  
               15.2803           461.029E-09  
               15.3603          -380.713E-09  
               15.4403           278.204E-09  
               15.5203          -219.447E-09  
               15.6003            85.6644E-09 
               15.6803          -149.254E-09  
               15.7603          -301.101E-09  
               15.8403          -796.591E-09  
               15.9203            -3.71126E-06
               16.0003           -38.535E-06  




