
                  X               _temp_1     

                0.               -38.072E-06  
               79.989E-03         -5.60702E-06
              159.999E-03         -1.57279E-06
              239.989E-03       -671.803E-09  
              320.E-03          -204.902E-09  
              399.99E-03         -31.2939E-09 
              480.001E-03       -163.678E-09  
              559.991E-03        190.41E-09   
              640.002E-03       -305.376E-09  
              719.992E-03        377.167E-09  
              800.003E-03       -501.706E-09  
              879.993E-03        581.996E-09  
              960.004E-03       -749.12E-09   
                1.03999          803.271E-09  
                1.12001           -1.09455E-06
                1.2              982.108E-09  
                1.28001           -1.70845E-06
                1.36             933.601E-09  
                1.44001           -3.33005E-06
                1.52               1.26825E-06
                1.60001          -16.1403E-06 
                1.68            -106.931E-06  
                1.76            -261.428E-06  
                1.83996         -698.541E-06  
                1.91988           -1.97846E-03
                2.01314           -1.84284E-03
                2.07955         -540.13E-06   
                2.15955          312.683E-06  
                2.15957          312.683E-06  
                2.23962          413.837E-06   
                2.31965          412.786E-06  
                2.3997           404.403E-06  
                2.47973          378.73E-06   
                2.47975          378.73E-06   
                2.55979          350.353E-06  
                2.63981          320.772E-06  
                2.63983          320.772E-06  
                2.71986          295.419E-06  
                2.79988          269.849E-06  
                2.7999           269.849E-06  
                2.87992          248.182E-06  
                2.87994          248.182E-06  
                2.95995          226.54E-06   
                3.03998          208.428E-06  
                3.11999          190.209E-06  
                3.20002          175.087E-06  
                3.28003          159.756E-06  
                3.36005          147.151E-06  
                3.36006          147.151E-06  
                3.44007          134.239E-06  
                3.52009          123.743E-06  
                3.5201           123.743E-06  
                3.6001           112.866E-06  
                3.68012          104.138E-06  
                3.76013           94.9696E-06 
                3.84014           87.7266E-06 
                3.92015           79.9978E-06 
                4.00016           73.9892E-06 
                4.08016           67.4688E-06 
                4.16017           62.5E-06    
                4.24017           56.9993E-06 
                4.32018           52.9032E-06 
                4.40019           48.2662E-06 
                4.48019           44.9008E-06 
                4.56019           40.9876E-06 
                4.6402            38.2414E-06 
                4.7202            34.9387E-06 
                4.80021           32.7182E-06 
                4.88021           29.9294E-06 
                4.96021           28.1606E-06 
                5.04022           25.8071E-06 
                5.12022           24.4258E-06 
                5.20022           22.4398E-06 
                5.28022           21.403E-06  
                5.36023           19.7281E-06 
                5.44023           18.9783E-06 
                5.52023           17.57E-06   
                5.60023           17.0665E-06 
                5.68023           15.8789E-06 
                5.76024           15.5514E-06 
                5.84024           14.5623E-06 
                5.92024           14.3581E-06 
                6.00024           13.5289E-06 
                6.08024           13.4031E-06 
                6.16025           12.7158E-06 
                6.24025            2.81494E-06
                6.32025            2.24698E-06
                6.40025            2.28592E-06
                6.48025            1.81884E-06
                6.56025            1.85444E-06
                6.64025            1.47254E-06
                6.72026            1.5058E-06 
                6.80026            1.19468E-06
                6.88026           10.8079E-06 
                6.96026           10.5553E-06 
                7.04026           10.5565E-06 
                7.12026           10.3517E-06 
                7.20026           10.3604E-06 
                7.28027           10.1947E-06 
                7.36027           10.2107E-06 
                7.44027           10.0767E-06 
                7.52027           10.1007E-06 
                7.60027            9.99259E-06
                7.68027           10.0255E-06 
                7.76027            9.93847E-06
                7.84027            9.98165E-06
                7.92027            9.91198E-06
                8.00027            9.96724E-06
                8.08028            9.91199E-06
                8.16028            9.98166E-06
                8.24028            9.93847E-06
                8.32028           10.0255E-06 
                8.40028            9.99259E-06
                8.48028           10.1007E-06 
                8.56028           10.0767E-06 
                8.64028           10.2107E-06 
                8.72028           10.1947E-06 
                8.80028           10.3604E-06 
                8.88029           10.3518E-06 
                8.96029           10.5565E-06 
                9.04029           10.5553E-06 
                9.12029           10.8079E-06 
                9.20029            1.19469E-06
                9.28029            1.50574E-06
                9.36029            1.4725E-06 
                9.44029            1.85459E-06
                9.52029            1.81894E-06
                9.60029            2.2856E-06 
                9.68029            2.24667E-06
                9.76029            2.81532E-06
                9.8403            12.716E-06  
                9.9203            13.4027E-06 
               10.0003            13.529E-06  
               10.0803            14.358E-06  
               10.1603            14.5614E-06 
               10.2403            15.5526E-06 
               10.3203            15.8803E-06 
               10.4003            17.0644E-06 
               10.4803            17.5689E-06 
               10.5603            18.9806E-06 
               10.6403            19.7285E-06 
               10.7203            21.4E-06    
               10.8003            22.4399E-06 
               10.8803            24.4287E-06 
               10.9603            25.807E-06  
               11.0403            28.1594E-06 
               11.1203            29.93E-06   
               11.2003            32.7185E-06 
               11.2803            34.9382E-06 
               11.3603            38.2411E-06 
               11.4403            40.9874E-06 
               11.5203            44.9008E-06 
               11.6004            48.2663E-06 
               11.6804            52.9032E-06 
               11.7604            56.9992E-06 
               11.8404            62.5001E-06 
               11.9204            67.469E-06  
               12.0004            73.9894E-06 
               12.0804            79.998E-06  
               12.1604            87.7266E-06 
               12.2404            94.9694E-06 
               12.3204           104.138E-06  
               12.4004           112.866E-06  
               12.4805           123.743E-06  
               12.5605           134.239E-06  
               12.6405           147.151E-06  
               12.6405           147.151E-06  
               12.7205           159.756E-06  
               12.8005           175.087E-06  
               12.8005           175.087E-06  
               12.8806           190.209E-06  
               12.9606           208.428E-06  
               12.9606           208.428E-06  
               13.0406           226.54E-06   
               13.1206           248.182E-06  
               13.2007           269.849E-06  
               13.2807           295.419E-06  
               13.3607           320.772E-06  
               13.3607           320.772E-06  
               13.4407           350.353E-06  
               13.5208           378.73E-06   
               13.5208           378.73E-06   
               13.6008           404.403E-06  
               13.6009           404.403E-06  
               13.6809           412.786E-06  
               13.761            413.837E-06  
               13.841            312.684E-06  
               13.921           -540.129E-06  
               13.9874            -1.84284E-03
               14.0807            -1.97846E-03
               14.1606          -698.541E-06  
               14.2406          -261.428E-06  
               14.3206          -106.931E-06  
               14.4005           -16.1403E-06 
               14.4806             1.26826E-06
               14.5605            -3.33004E-06
               14.6406           933.6E-09    
               14.7205            -1.70845E-06
               14.8006           982.106E-09  
               14.8805            -1.09455E-06
               14.9606           803.271E-09  
               15.0405          -749.118E-09  
               15.1206           581.995E-09  
               15.2005          -501.705E-09  
               15.2806           377.164E-09  
               15.3605          -305.376E-09  
               15.4406           190.409E-09  
               15.5205          -163.677E-09  
               15.6006           -31.2943E-09 
               15.6805          -204.901E-09  
               15.7606          -671.803E-09  
               15.8405            -1.57279E-06
               15.9206            -5.60702E-06
               16.0005           -38.0719E-06 




