
                  X               _temp_1     

                0.                 1.01235E-03
               79.6828E-03         1.01827E-03
              159.946E-03          1.03215E-03
              239.626E-03          1.05008E-03
              319.872E-03          1.07213E-03
              399.55E-03           1.09836E-03
              479.775E-03          1.12889E-03
              559.452E-03          1.16381E-03
              639.655E-03          1.20327E-03
              719.328E-03          1.24738E-03
              799.51E-03           1.29634E-03
              879.207E-03          1.3503E-03 
              959.336E-03          1.40949E-03
                1.03906            1.4741E-03 
                1.11913            1.5444E-03 
                1.19877          -47.1548E-06 
                1.27889           35.3317E-06 
                1.3584          -101.669E-06  
                1.43851           -1.95205E-03
                1.51805           -2.07002E-03
                1.52195           -2.08407E-03
                1.66893           -2.43539E-03
                1.67296           -2.43812E-03
                1.74771           -2.66738E-03
                1.90241           -3.32916E-03
                1.90596           -3.33623E-03
                1.98524           -3.26835E-03
                2.00908           -2.34137E-03
                2.72774            3.65488E-03
                2.78648            3.7002E-03 
                2.86679            3.68989E-03
                2.94696            3.64512E-03
                3.02742            3.56874E-03
                3.10753            3.50498E-03
                3.18797            3.45073E-03
                3.26809            3.4228E-03 
                3.34852            3.39551E-03
                3.42864            3.37971E-03
                3.50905            3.36023E-03
                3.58918            3.34881E-03
                3.66959            3.33307E-03
                3.74972            3.3232E-03 
                3.83012            3.30919E-03
                3.91025            3.29993E-03
                3.99064            3.287E-03  
                4.07078            3.27808E-03
                4.15117            3.26594E-03
                4.23131            3.25728E-03
                4.31169            3.2458E-03 
                4.39183            3.23741E-03
                4.4722             3.22654E-03
                4.55235            3.21842E-03
                4.63271            3.20812E-03
                4.71287            3.20031E-03
                4.79322            3.19054E-03
                4.87338            3.18306E-03
                4.95373            3.17381E-03
                5.0339             3.16667E-03
                5.11424            3.15792E-03
                5.1944             3.15115E-03
                5.27474            3.14289E-03
                5.35491            3.13649E-03
                5.43524            3.12871E-03
                5.51541            3.1227E-03 
                5.59573            3.11538E-03
                5.67591            3.10977E-03
                5.75623            3.10292E-03
                5.83641            3.0977E-03 
                5.91672            3.09132E-03
                5.99691            3.08651E-03
                6.07721            3.08058E-03
                6.15741            3.07618E-03
                6.2377             3.07071E-03
                6.3179             3.06673E-03
                6.39819            3.06171E-03
                6.47839            3.05815E-03
                6.55868            3.05358E-03
                6.63888            3.05046E-03
                6.71916            3.04634E-03
                6.79937            3.04366E-03
                6.87965            3.04E-03   
                6.95986            3.03778E-03
                7.04013            3.03458E-03
                7.12035            3.03285E-03
                7.20061            3.03012E-03
                7.28084            3.02893E-03
                7.3611             3.02668E-03
                7.44132            3.02603E-03
                7.52158            3.0243E-03 
                7.60181            3.02407E-03
                7.68206            3.02288E-03
                7.76229            3.02289E-03
                7.84254            3.02218E-03
                7.92278            3.02236E-03
                8.00302            3.02198E-03
                8.08326            3.02236E-03
                8.1635             3.02218E-03
                8.24375            3.02289E-03
                8.32398            3.02288E-03
                8.40423            3.02407E-03
                8.48446            3.0243E-03 
                8.56472            3.02603E-03
                8.64494            3.02668E-03
                8.72521            3.02893E-03
                8.80543            3.03012E-03
                8.88569            3.03285E-03
                8.96591            3.03458E-03
                9.04618            3.03778E-03
                9.12639            3.04E-03   
                9.20667            3.04366E-03
                9.28688            3.04634E-03
                9.36716            3.05046E-03
                9.44736            3.05358E-03
                9.52765            3.05815E-03
                9.60785            3.06171E-03
                9.68814            3.06673E-03
                9.76834            3.07071E-03
                9.84864            3.07618E-03
                9.92883            3.08058E-03
               10.0091             3.08651E-03
               10.0893             3.09132E-03
               10.1696             3.0977E-03 
               10.2498             3.10292E-03
               10.3301             3.10977E-03
               10.4103             3.11538E-03
               10.4906             3.1227E-03 
               10.5708             3.12871E-03
               10.6511             3.13649E-03
               10.7313             3.14289E-03
               10.8116             3.15115E-03
               10.8918             3.15792E-03
               10.9721             3.16667E-03
               11.0523             3.17381E-03
               11.1327             3.18306E-03
               11.2128             3.19054E-03
               11.2932             3.20031E-03
               11.3733             3.20812E-03
               11.4537             3.21842E-03
               11.5338             3.22654E-03
               11.6142             3.23741E-03
               11.6944             3.2458E-03 
               11.7747             3.25728E-03
               11.8549             3.26594E-03
               11.9353             3.27808E-03
               12.0154             3.287E-03  
               12.0958             3.29993E-03
               12.1759             3.30919E-03
               12.2563             3.3232E-03 
               12.3365             3.33307E-03
               12.4169             3.34881E-03
               12.497              3.36023E-03
               12.5774             3.37971E-03
               12.6575             3.39551E-03
               12.738              3.4228E-03 
               12.8181             3.45073E-03
               12.8985             3.50498E-03
               12.9786             3.56874E-03
               13.0591             3.64512E-03
               13.1392             3.68989E-03
               13.2196             3.7002E-03 
               13.2783             3.65488E-03
               13.997             -2.34137E-03
               14.0208            -3.26835E-03
               14.1001            -3.33623E-03
               14.1036            -3.32916E-03
               14.2583            -2.66738E-03
               14.3331            -2.43812E-03
               14.3371            -2.43539E-03
               14.4841            -2.08407E-03
               14.488             -2.07002E-03
               14.5675            -1.95205E-03
               14.6476          -101.669E-06  
               14.7271            35.3317E-06 
               14.8073           -47.1548E-06 
               14.8869             1.5444E-03 
               14.967              1.4741E-03 
               15.0467             1.40949E-03
               15.1268             1.3503E-03 
               15.2065             1.29634E-03
               15.2867             1.24738E-03
               15.3664             1.20327E-03
               15.4466             1.16381E-03
               15.5263             1.12889E-03
               15.6065             1.09836E-03
               15.6862             1.07213E-03
               15.7664             1.05008E-03
               15.8461             1.03215E-03
               15.9264             1.01827E-03
               16.006              1.01235E-03




