
                  X               _temp_2     

                0.               -36.8748E-06 
               79.9138E-03       -56.729E-06  
              159.905E-03        -96.7387E-06 
              239.899E-03       -140.407E-06  
              319.885E-03       -188.804E-06  
              399.871E-03       -244.134E-06  
              479.848E-03       -307.829E-06  
              559.825E-03       -382.701E-06  
              639.79E-03        -470.792E-06  
              719.754E-03       -575.882E-06  
              799.701E-03       -700.971E-06  
              879.643E-03       -851.289E-06  
              959.566E-03         -1.03129E-03
                1.03948           -1.24833E-03
                1.11937           -1.50904E-03
                1.19924           -1.82388E-03
                1.27908           -2.2027E-03 
                1.35889           -2.66044E-03
                1.43866           -3.2117E-03 
                1.51838           -3.87793E-03
                1.59804           -4.68067E-03
                1.67764           -5.65071E-03
                1.75714           -6.81977E-03
                1.83655           -8.23208E-03
                1.91584           -9.93414E-03
                1.99497          -10.013E-03  
                2.07424           -6.97692E-03
                2.1209            -4.77916E-03
                2.19157           -1.9944E-03 
                2.23371         -617.255E-06  
                2.31374          918.852E-06  
                2.39385            1.67169E-03
                2.47401            2.07037E-03
                2.55419            2.24975E-03
                2.63436            2.31787E-03
                2.71456            2.3267E-03 
                2.79474            2.29877E-03
                2.87493            2.24995E-03
                2.9551             2.18976E-03
                3.03528            2.12574E-03
                3.11544            2.06023E-03
                3.1956             1.99532E-03
                3.27576            1.9313E-03 
                3.35591            1.86914E-03
                3.43606            1.8081E-03 
                3.5162             1.74856E-03
                3.59634            1.69095E-03
                3.67647            1.63617E-03
                3.7566             1.58338E-03
                3.83673            1.53223E-03
                3.91684            1.48266E-03
                3.99696            1.43493E-03
                4.07707            1.38845E-03
                4.15719            1.34359E-03
                4.23729            1.30074E-03
                4.31739            1.25977E-03
                4.39749            1.22011E-03
                4.47759            1.18204E-03
                4.55768            1.14542E-03
                4.63777            1.10977E-03
                4.71786            1.07519E-03
                4.79794            1.04217E-03
                4.87802            1.01044E-03
                4.95811          979.952E-06  
                5.03818          950.961E-06  
                5.11826          923.217E-06  
                5.19833          896.323E-06  
                5.2784           870.541E-06  
                5.35847          845.772E-06  
                5.43854          821.681E-06  
                5.5186           798.597E-06  
                5.59866          776.762E-06  
                5.67872          755.828E-06  
                5.75878          735.933E-06  
                5.83884          717.254E-06  
                5.9189           699.29E-06   
                5.99895          681.948E-06  
                6.07901          665.535E-06  
                6.15906          649.755E-06  
                6.23911          634.536E-06  
                6.31916          620.343E-06  
                6.39921          607.016E-06  
                6.47926          594.341E-06  
                6.55931          582.673E-06  
                6.63935          571.859E-06  
                6.7194           561.495E-06  
                6.79944          551.846E-06  
                6.87949          542.869E-06  
                6.95953          534.224E-06  
                7.03957          526.245E-06  
                7.11961          519.118E-06  
                7.19965          512.544E-06  
                7.27969          506.763E-06  
                7.35973          501.901E-06  
                7.43977          497.527E-06  
                7.51981          493.689E-06  
                7.59985          490.546E-06  
                7.67989          487.734E-06  
                7.75993          485.376E-06  
                7.83997          483.785E-06  
                7.92001          482.727E-06  
                8.00005          482.272E-06  
                8.08009          482.727E-06  
                8.16012          483.785E-06  
                8.24016          485.376E-06  
                8.3202           487.734E-06  
                8.40024          490.546E-06  
                8.48028          493.689E-06  
                8.56032          497.527E-06  
                8.64036          501.901E-06  
                8.7204           506.763E-06  
                8.80044          512.544E-06  
                8.88048          519.118E-06  
                8.96052          526.245E-06  
                9.04057          534.224E-06  
                9.12061          542.869E-06  
                9.20065          551.846E-06  
                9.2807           561.495E-06  
                9.36074          571.859E-06  
                9.44079          582.673E-06  
                9.52084          594.341E-06  
                9.60088          607.016E-06  
                9.68093          620.343E-06  
                9.76098          634.536E-06  
                9.84104          649.755E-06  
                9.92109          665.535E-06  
               10.0011           681.948E-06  
               10.0812           699.29E-06   
               10.1613           717.254E-06  
               10.2413           735.933E-06  
               10.3214           755.828E-06  
               10.4014           776.762E-06  
               10.4815           798.597E-06  
               10.5616           821.681E-06  
               10.6416           845.772E-06  
               10.7217           870.541E-06  
               10.8018           896.323E-06  
               10.8818           923.217E-06  
               10.9619           950.961E-06  
               11.042            979.952E-06  
               11.1221             1.01044E-03
               11.2022             1.04217E-03
               11.2822             1.07519E-03
               11.3623             1.10977E-03
               11.4424             1.14542E-03
               11.5225             1.18204E-03
               11.6026             1.22011E-03
               11.6827             1.25977E-03
               11.7628             1.30074E-03
               11.8429             1.34359E-03
               11.923              1.38845E-03
               12.0031             1.43493E-03
               12.0833             1.48266E-03
               12.1634             1.53223E-03
               12.2435             1.58338E-03
               12.3236             1.63617E-03
               12.4038             1.69095E-03
               12.4839             1.74856E-03
               12.564              1.8081E-03 
               12.6442             1.86914E-03
               12.7243             1.9313E-03 
               12.8045             1.99532E-03
               12.8847             2.06023E-03
               12.9648             2.12574E-03
               13.045              2.18976E-03
               13.1252             2.24995E-03
               13.2054             2.29877E-03
               13.2855             2.3267E-03 
               13.3657             2.31787E-03
               13.4459             2.24975E-03
               13.5261             2.07037E-03
               13.6062             1.67169E-03
               13.6864           918.852E-06  
               13.7664          -617.255E-06  
               13.8085            -1.9944E-03 
               13.8792            -4.77916E-03
               13.9259            -6.97692E-03
               14.0051           -10.013E-03  
               14.0843            -9.93414E-03
               14.1635            -8.23208E-03
               14.2429            -6.81977E-03
               14.3224            -5.65071E-03
               14.402             -4.68067E-03
               14.4817            -3.87793E-03
               14.5614            -3.2117E-03 
               14.6412            -2.66044E-03
               14.721             -2.2027E-03 
               14.8008            -1.82388E-03
               14.8807            -1.50904E-03
               14.9606            -1.24833E-03
               15.0405            -1.03129E-03
               15.1204          -851.289E-06  
               15.2004          -700.971E-06  
               15.2803          -575.882E-06  
               15.3603          -470.792E-06  
               15.4403          -382.701E-06  
               15.5202          -307.829E-06  
               15.6002          -244.134E-06  
               15.6802          -188.804E-06  
               15.7602          -140.407E-06  
               15.8402           -96.7387E-06 
               15.9202           -56.729E-06  
               16.0002           -36.8533E-06 




