
                  X               _temp_1     

                0.              -111.015E-06  
               79.4996E-03      -166.037E-06  
              159.482E-03       -278.48E-06   
              239.455E-03       -396.309E-06  
              239.466E-03       -396.309E-06  
              319.436E-03       -521.126E-06  
              399.388E-03       -655.676E-06  
              479.336E-03       -801.826E-06  
              559.266E-03       -962.779E-06  
              639.188E-03         -1.14081E-03
              719.089E-03         -1.33982E-03
              798.98E-03          -1.56267E-03
              878.845E-03         -1.81422E-03
              958.696E-03         -2.09816E-03
                1.03852           -2.42065E-03
                1.11832           -2.7865E-03 
                1.19808           -3.20363E-03
                1.27781           -3.67833E-03
                1.3575            -4.22088E-03
                1.35751           -4.22088E-03
                1.43716           -4.83954E-03
                1.51675           -5.54767E-03
                1.51677           -5.54767E-03
                1.5963            -6.35619E-03
                1.67576           -7.28248E-03
                1.67578           -7.28248E-03
                1.75517           -8.341E-03  
                1.83446           -9.55442E-03
                1.91366          -10.9419E-03 
                1.99272          -10.7636E-03 
                2.05164           -8.4865E-03 
                2.30019          882.424E-06  
                2.31128            1.13869E-03
                2.39139            1.76705E-03
                2.47156            2.30689E-03
                2.55176            2.53454E-03
                2.63196            2.61059E-03
                2.71218            2.62363E-03
                2.79239            2.61044E-03
                2.8726             2.58574E-03
                2.9528             2.55216E-03
                3.03301            2.50678E-03
                3.1132             2.44528E-03
                3.1934             2.37561E-03
                3.27358            2.31617E-03
                3.35377            2.2771E-03 
                3.43394            2.2438E-03 
                3.51413            2.19623E-03
                3.5943             2.13579E-03
                3.67447            2.08027E-03
                3.75463            2.03341E-03
                3.83479            1.98462E-03
                3.91495            1.93502E-03
                3.9951             1.89749E-03
                4.07525            1.86828E-03
                4.1554             1.83157E-03
                4.23554            1.78892E-03
                4.31569            1.75218E-03
                4.39582            1.71588E-03
                4.47596            1.67127E-03
                4.55609            1.62904E-03
                4.63622            1.59776E-03
                4.71635            1.56703E-03
                4.79647            1.53388E-03
                4.87659            1.50876E-03
                4.95672            1.48781E-03
                5.03683            1.45947E-03
                5.11695            1.42986E-03
                5.19706            1.40539E-03
                5.27717            1.37661E-03
                5.35728            1.34355E-03
                5.43739            1.31787E-03
                5.51749            1.29585E-03
                5.59759            1.27039E-03
                5.67769            1.25048E-03
                5.75779            1.23756E-03
                5.83789            1.22032E-03
                5.91799            1.20172E-03
                5.99808            1.18844E-03
                6.07818            1.17157E-03
                6.15827            1.14948E-03
                6.23836            1.13209E-03
                6.31845            1.11579E-03
                6.39854            1.09546E-03
                6.47863            1.08073E-03
                6.55871            1.07178E-03
                6.6388             1.0594E-03 
                6.71888            1.04951E-03
                6.79897            1.04626E-03
                6.87905            1.03875E-03
                6.95913            1.02799E-03
                7.03922            1.02231E-03
                7.1193             1.01407E-03
                7.19938            1.00051E-03
                7.27946          992.398E-06  
                7.35954          986.545E-06  
                7.43961          976.38E-06   
                7.51969          971.397E-06  
                7.59977          972.486E-06  
                7.67985          971.932E-06  
                7.75993          971.237E-06  
                7.84             974.092E-06  
                7.92008          974.147E-06  
                8.00016          971.522E-06  
                8.08024          974.147E-06  
                8.16031          974.092E-06  
                8.24039          971.237E-06  
                8.32047          971.932E-06  
                8.40055          972.486E-06  
                8.48063          971.397E-06  
                8.5607           976.38E-06   
                8.64078          986.545E-06  
                8.72086          992.398E-06  
                8.80094            1.00051E-03
                8.88102            1.01407E-03
                8.9611             1.02231E-03
                9.04119            1.02799E-03
                9.12127            1.03875E-03
                9.20135            1.04626E-03
                9.28143            1.04951E-03
                9.36152            1.0594E-03 
                9.4416             1.07178E-03
                9.52169            1.08073E-03
                9.60178            1.09546E-03
                9.68187            1.11579E-03
                9.76195            1.13209E-03
                9.84205            1.14948E-03
                9.92214            1.17157E-03
               10.0022             1.18844E-03
               10.0823             1.20172E-03
               10.1624             1.22032E-03
               10.2425             1.23756E-03
               10.3226             1.25048E-03
               10.4027             1.27039E-03
               10.4828             1.29585E-03
               10.5629             1.31787E-03
               10.643              1.34355E-03
               10.7231             1.37661E-03
               10.8033             1.40539E-03
               10.8834             1.42986E-03
               10.9635             1.45947E-03
               11.0436             1.48781E-03
               11.1237             1.50876E-03
               11.2038             1.53388E-03
               11.284              1.56703E-03
               11.3641             1.59776E-03
               11.4442             1.62904E-03
               11.5244             1.67127E-03
               11.6045             1.71588E-03
               11.6846             1.75218E-03
               11.7648             1.78892E-03
               11.8449             1.83157E-03
               11.9251             1.86828E-03
               12.0052             1.89749E-03
               12.0854             1.93502E-03
               12.1655             1.98462E-03
               12.2457             2.03341E-03
               12.3259             2.08027E-03
               12.406              2.13579E-03
               12.4862             2.19623E-03
               12.5664             2.2438E-03 
               12.6466             2.2771E-03 
               12.7267             2.31617E-03
               12.8069             2.37561E-03
               12.8871             2.44528E-03
               12.9673             2.50678E-03
               13.0475             2.55216E-03
               13.1277             2.58574E-03
               13.2079             2.61044E-03
               13.2881             2.62363E-03
               13.3684             2.61059E-03
               13.4486             2.53454E-03
               13.5288             2.30689E-03
               13.6089             1.76705E-03
               13.689              1.13869E-03
               13.7001           882.424E-06  
               13.9487            -8.4865E-03 
               14.0076           -10.7636E-03 
               14.0867           -10.9419E-03 
               14.1658            -9.55442E-03
               14.2451            -8.341E-03  
               14.3245            -7.28248E-03
               14.3245            -7.28248E-03
               14.404             -6.35619E-03
               14.4835            -5.54767E-03
               14.5631            -4.83954E-03
               14.6428            -4.22088E-03
               14.6428            -4.22088E-03
               14.7225            -3.67833E-03
               14.8022            -3.20363E-03
               14.882             -2.7865E-03 
               14.9618            -2.42065E-03
               14.9618            -2.42065E-03
               15.0416            -2.09816E-03
               15.1215            -1.81422E-03
               15.1215            -1.81422E-03
               15.2013            -1.56267E-03
               15.2812            -1.33982E-03
               15.3611            -1.14081E-03
               15.4411          -962.779E-06  
               15.521           -801.826E-06  
               15.6009          -655.676E-06  
               15.6809          -521.126E-06  
               15.7609          -396.309E-06  
               15.8408          -278.48E-06   
               15.9208          -166.037E-06  
               16.0003          -111.015E-06  




