
                  X               _temp_2     

                0.               346.339E-06  
               78.4301E-03       349.594E-06  
              157.802E-03        357.925E-06  
              238.383E-03        -26.5462E-06 
              317.763E-03       -481.281E-06  
              398.308E-03       -572.567E-06  
              477.695E-03       -682.471E-06  
              558.201E-03       -782.029E-06  
              637.594E-03       -903.351E-06  
              718.06E-03          -1.01285E-03
              797.459E-03         -1.14836E-03
              877.882E-03         -1.26978E-03
              957.287E-03         -1.4227E-03 
                1.03766           -1.55833E-03
                1.11707           -1.73249E-03
                1.19739           -1.88491E-03
                1.2768            -2.08496E-03
                1.35707           -2.25701E-03
                1.43643           -2.48856E-03
                1.51668           -2.68296E-03
                1.59584           -2.95335E-03
                1.67623           -3.17554E-03
                1.75522           -3.38995E-03
                1.75846           -3.41103E-03
                1.90237           -4.34961E-03
                1.90538           -4.3609E-03 
                1.98447           -4.41047E-03
                2.01275           -3.22839E-03
                2.54961            3.30627E-03
                2.62505            3.45287E-03
                2.70541            3.46322E-03
                2.78554            3.43666E-03
                2.86598            3.36893E-03
                2.94608            3.32937E-03
                3.0265             3.27799E-03
                3.10661            3.25323E-03
                3.18702            3.21523E-03
                3.26713            3.19471E-03
                3.34753            3.16181E-03
                3.42765            3.14271E-03
                3.50803            3.11309E-03
                3.58815            3.09446E-03
                3.66853            3.06704E-03
                3.74864            3.04868E-03
                3.82901            3.02305E-03
                3.90913            3.00498E-03
                3.98949            2.98088E-03
                4.06961            2.96319E-03
                4.14997            2.94045E-03
                4.23009            2.92323E-03
                4.31043            2.90175E-03
                4.39056            2.88506E-03
                4.47089            2.86476E-03
                4.55102            2.84866E-03
                4.63135            2.82947E-03
                4.71147            2.81402E-03
                4.79179            2.79588E-03
                4.87192            2.78111E-03
                4.95224            2.76399E-03
                5.03237            2.74992E-03
                5.11268            2.73378E-03
                5.19281            2.72045E-03
                5.27311            2.70526E-03
                5.35325            2.69268E-03
                5.43354            2.67842E-03
                5.51368            2.6666E-03 
                5.59396            2.65325E-03
                5.67411            2.64221E-03
                5.75438            2.62975E-03
                5.83453            2.61949E-03
                5.9148             2.60791E-03
                5.99495            2.59844E-03
                6.07521            2.58773E-03
                6.15537            2.57906E-03
                6.23562            2.56921E-03
                6.31578            2.56134E-03
                6.39603            2.55234E-03
                6.47619            2.54528E-03
                6.55644            2.53714E-03
                6.6366             2.53089E-03
                6.71684            2.5236E-03 
                6.797              2.51818E-03
                6.87724            2.51174E-03
                6.95741            2.50719E-03
                7.03764            2.50161E-03
                7.11781            2.49796E-03
                7.19803            2.49326E-03
                7.27821            2.49058E-03
                7.35843            2.4868E-03 
                7.43861            2.48511E-03
                7.51883            2.48231E-03
                7.59901            2.48147E-03
                7.67922            2.47963E-03
                7.75941            2.47937E-03
                7.83961            2.47834E-03
                7.91981            2.47846E-03
                8.00001            2.47797E-03
                8.0802             2.47846E-03
                8.1604             2.47834E-03
                8.2406             2.47937E-03
                8.32079            2.47963E-03
                8.401              2.48147E-03
                8.48119            2.48231E-03
                8.5614             2.48511E-03
                8.64158            2.4868E-03 
                8.7218             2.49058E-03
                8.80198            2.49326E-03
                8.8822             2.49796E-03
                8.96237            2.50161E-03
                9.0426             2.50719E-03
                9.12277            2.51174E-03
                9.20301            2.51818E-03
                9.28317            2.5236E-03 
                9.36341            2.53089E-03
                9.44357            2.53714E-03
                9.52382            2.54528E-03
                9.60398            2.55234E-03
                9.68423            2.56134E-03
                9.76439            2.56921E-03
                9.84464            2.57906E-03
                9.9248             2.58773E-03
               10.0051             2.59844E-03
               10.0852             2.60791E-03
               10.1655             2.61949E-03
               10.2456             2.62975E-03
               10.3259             2.64221E-03
               10.406              2.65325E-03
               10.4863             2.6666E-03 
               10.5665             2.67842E-03
               10.6468             2.69268E-03
               10.7269             2.70526E-03
               10.8072             2.72045E-03
               10.8873             2.73378E-03
               10.9676             2.74992E-03
               11.0478             2.76399E-03
               11.1281             2.78111E-03
               11.2082             2.79588E-03
               11.2885             2.81402E-03
               11.3687             2.82947E-03
               11.449              2.84866E-03
               11.5291             2.86476E-03
               11.6095             2.88506E-03
               11.6896             2.90175E-03
               11.7699             2.92323E-03
               11.85               2.94045E-03
               11.9304             2.96319E-03
               12.0105             2.98088E-03
               12.0909             3.00498E-03
               12.171              3.02305E-03
               12.2514             3.04868E-03
               12.3315             3.06704E-03
               12.4119             3.09446E-03
               12.492              3.11309E-03
               12.5724             3.14271E-03
               12.6525             3.16181E-03
               12.7329             3.19471E-03
               12.813              3.21523E-03
               12.8934             3.25323E-03
               12.9735             3.27799E-03
               13.0539             3.32937E-03
               13.134              3.36893E-03
               13.2145             3.43666E-03
               13.2946             3.46322E-03
               13.375              3.45287E-03
               13.4504             3.30627E-03
               13.9873            -3.22839E-03
               14.0155            -4.41047E-03
               14.0946            -4.3609E-03 
               14.0976            -4.34961E-03
               14.2415            -3.41103E-03
               14.2448            -3.38995E-03
               14.3238            -3.17554E-03
               14.4042            -2.95335E-03
               14.4833            -2.68296E-03
               14.5636            -2.48856E-03
               14.6429            -2.25701E-03
               14.7232            -2.08496E-03
               14.8026            -1.88491E-03
               14.8829            -1.73249E-03
               14.9623            -1.55833E-03
               15.0427            -1.4227E-03 
               15.1221            -1.26978E-03
               15.2025            -1.14836E-03
               15.2819            -1.01285E-03
               15.3624          -903.351E-06  
               15.4418          -782.029E-06  
               15.5223          -682.471E-06  
               15.6017          -572.567E-06  
               15.6822          -481.281E-06  
               15.7616           -26.5462E-06 
               15.8422           357.925E-06  
               15.9216           349.594E-06  
               16.               346.338E-06  




