
                  X               _temp_1     

                0.              -111.519E-06  
               78.7269E-03      -158.979E-06  
              158.709E-03       -256.205E-06  
              238.686E-03       -355.659E-06  
              318.653E-03       -457.787E-06  
              398.613E-03       -563.402E-06  
              478.564E-03       -672.995E-06  
              558.506E-03       -787.463E-06  
              638.439E-03       -907.344E-06  
              718.362E-03         -1.03365E-03
              798.276E-03         -1.16698E-03
              878.176E-03         -1.3085E-03 
              958.067E-03         -1.45886E-03
                1.03794           -1.61944E-03
                1.11781           -1.79097E-03
                1.19766           -1.97506E-03
                1.27749           -2.17255E-03
                1.35731           -2.38535E-03
                1.43711           -2.61439E-03
                1.51689           -2.862E-03  
                1.59666           -3.12922E-03
                1.67639           -3.41885E-03
                1.75611           -3.73207E-03
                1.8358            -4.07228E-03
                1.91547           -4.44083E-03
                1.99509           -4.24184E-03
                2.07479           -3.06065E-03
                2.07915           -2.98392E-03
                2.34207          784.297E-06  
                2.39454          837.005E-06  
                2.47462            1.0296E-03 
                2.55471            1.1991E-03 
                2.63481            1.27602E-03
                2.71491            1.29997E-03
                2.79502            1.29647E-03
                2.87512            1.281E-03  
                2.95522            1.26155E-03
                3.03532            1.24211E-03
                3.11542            1.22396E-03
                3.19552            1.20747E-03
                3.27561            1.19229E-03
                3.35571            1.17815E-03
                3.4358             1.16467E-03
                3.5159             1.1517E-03 
                3.59599            1.13904E-03
                3.67608            1.12668E-03
                3.75617            1.11455E-03
                3.83626            1.10267E-03
                3.8363             1.10267E-03
                3.91638            1.09101E-03
                3.99647            1.07962E-03
                3.99651            1.07962E-03
                4.07659            1.06847E-03
                4.15668            1.05757E-03
                4.15672            1.05757E-03
                4.15675            1.05757E-03
                4.15679            1.05757E-03
                4.23687            1.04693E-03
                4.31696            1.03654E-03
                4.317              1.03654E-03
                4.39708            1.0264E-03 
                4.47716            1.01652E-03
                4.4772             1.01652E-03
                4.55728            1.00688E-03
                4.63736          997.488E-06  
                4.63739          997.488E-06  
                4.71747          988.341E-06  
                4.79755          979.438E-06  
                4.79759          979.438E-06  
                4.79762          979.438E-06  
                4.79766          979.438E-06  
                4.87774          970.776E-06  
                4.95781          962.353E-06  
                4.95785          962.353E-06  
                4.95788          962.353E-06  
                4.95792          962.353E-06  
                5.038            954.168E-06  
                5.11807          946.22E-06   
                5.11811          946.22E-06   
                5.19818          938.508E-06  
                5.27826          931.028E-06  
                5.27829          931.028E-06  
                5.35837          923.781E-06  
                5.43844          916.765E-06  
                5.43847          916.765E-06  
                5.43851          916.765E-06  
                5.43854          916.765E-06  
                5.51862          909.979E-06  
                5.59869          903.42E-06   
                5.59872          903.42E-06   
                5.59876          903.42E-06   
                5.59879          903.42E-06   
                5.67886          897.091E-06  
                5.75894          890.985E-06  
                5.75897          890.985E-06  
                5.83904          885.106E-06  
                5.91911          879.449E-06  
                5.91915          879.449E-06  
                5.99922          874.016E-06  
                6.07929          868.803E-06  
                6.07932          868.803E-06  
                6.07935          868.803E-06  
                6.07939          868.803E-06  
                6.15946          863.813E-06  
                6.23952          859.04E-06   
                6.23956          859.04E-06   
                6.31963          854.488E-06  
                6.39969          850.152E-06  
                6.39973          850.152E-06  
                6.4798           846.035E-06  
                6.55986          842.131E-06  
                6.5599           842.131E-06  
                6.63996          838.446E-06  
                6.72003          834.972E-06  
                6.72006          834.972E-06  
                6.7201           834.972E-06  
                6.72013          834.972E-06  
                6.8002           831.716E-06  
                6.88026          828.669E-06  
                6.8803           828.669E-06  
                6.88033          828.669E-06  
                6.88036          828.669E-06  
                6.96043          825.838E-06  
                7.04049          823.217E-06  
                7.04053          823.217E-06  
                7.12059          820.81E-06   
                7.20066          818.611E-06  
                7.20069          818.611E-06  
                7.28076          816.625E-06  
                7.36082          814.847E-06  
                7.36085          814.847E-06  
                7.44092          813.282E-06  
                7.52098          811.923E-06  
                7.52102          811.923E-06  
                7.60108          810.777E-06  
                7.68115          809.837E-06  
                7.68118          809.837E-06  
                7.68121          809.837E-06  
                7.68125          809.837E-06  
                7.76131          809.108E-06  
                7.84137          808.585E-06  
                7.84141          808.585E-06  
                7.92147          808.278E-06  
                8.00154          808.176E-06  
                8.0816           808.278E-06  
                8.16167          808.585E-06  
                8.1617           808.585E-06  
                8.24176          809.108E-06  
                8.32183          809.837E-06  
                8.32186          809.837E-06  
                8.32189          809.837E-06  
                8.32193          809.837E-06  
                8.40199          810.777E-06  
                8.48205          811.923E-06  
                8.48209          811.923E-06  
                8.56215          813.282E-06  
                8.64222          814.847E-06  
                8.64225          814.847E-06  
                8.72231          816.625E-06  
                8.80238          818.611E-06  
                8.80241          818.611E-06  
                8.88248          820.81E-06   
                8.96254          823.217E-06  
                8.96258          823.217E-06  
                9.04264          825.838E-06  
                9.12271          828.669E-06  
                9.12274          828.669E-06  
                9.20281          831.716E-06  
                9.28288          834.972E-06  
                9.28291          834.972E-06  
                9.36298          838.446E-06  
                9.44304          842.131E-06  
                9.44308          842.131E-06  
                9.52314          846.035E-06  
                9.60321          850.152E-06  
                9.60324          850.152E-06  
                9.68331          854.488E-06  
                9.76338          859.04E-06   
                9.76342          859.04E-06   
                9.84348          863.813E-06  
                9.92355          868.803E-06  
                9.92359          868.803E-06  
                9.92362          868.803E-06  
                9.92365          868.803E-06  
               10.0037           874.016E-06  
               10.0838           879.449E-06  
               10.0838           879.449E-06  
               10.1639           885.106E-06  
               10.244            890.985E-06  
               10.244            890.985E-06  
               10.244            890.985E-06  
               10.2441           890.985E-06  
               10.3241           897.091E-06  
               10.4042           903.42E-06   
               10.4043           903.42E-06   
               10.4043           903.42E-06   
               10.4043           903.42E-06   
               10.4844           909.979E-06  
               10.5645           916.765E-06  
               10.5645           916.765E-06  
               10.5645           916.765E-06  
               10.5646           916.765E-06  
               10.6446           923.781E-06  
               10.7247           931.028E-06  
               10.7248           931.028E-06  
               10.8048           938.508E-06  
               10.8849           946.22E-06   
               10.8849           946.22E-06   
               10.965            954.168E-06  
               11.0451           962.353E-06  
               11.0451           962.353E-06  
               11.0452           962.353E-06  
               11.0452           962.353E-06  
               11.1253           970.776E-06  
               11.2053           979.438E-06  
               11.2054           979.438E-06  
               11.2054           979.438E-06  
               11.2055           979.438E-06  
               11.2855           988.341E-06  
               11.3656           997.488E-06  
               11.3657           997.488E-06  
               11.4457             1.00688E-03
               11.5258             1.01652E-03
               11.5258             1.01652E-03
               11.6059             1.0264E-03 
               11.686              1.03654E-03
               11.686              1.03654E-03
               11.6861             1.03654E-03
               11.6861             1.03654E-03
               11.7662             1.04693E-03
               11.8463             1.05757E-03
               11.8463             1.05757E-03
               11.9264             1.06847E-03
               12.0065             1.07962E-03
               12.0065             1.07962E-03
               12.0066             1.07962E-03
               12.0066             1.07962E-03
               12.0867             1.09101E-03
               12.1668             1.10267E-03
               12.1668             1.10267E-03
               12.2469             1.11455E-03
               12.327              1.12668E-03
               12.3271             1.12668E-03
               12.4072             1.13904E-03
               12.4873             1.1517E-03 
               12.5674             1.16467E-03
               12.6475             1.17815E-03
               12.7276             1.19229E-03
               12.8077             1.20747E-03
               12.8878             1.22396E-03
               12.9679             1.24211E-03
               13.048              1.26155E-03
               13.1281             1.281E-03  
               13.2082             1.29647E-03
               13.2883             1.29997E-03
               13.3684             1.27602E-03
               13.4485             1.1991E-03 
               13.5286             1.0296E-03 
               13.6087           837.005E-06  
               13.6612           784.297E-06  
               13.9241            -2.98392E-03
               13.9284            -3.06065E-03
               14.0081            -4.24184E-03
               14.0878            -4.44083E-03
               14.1674            -4.07228E-03
               14.2471            -3.73207E-03
               14.3268            -3.41885E-03
               14.4066            -3.12922E-03
               14.4863            -2.862E-03  
               14.5661            -2.61439E-03
               14.6459            -2.38535E-03
               14.7257            -2.17255E-03
               14.8056            -1.97506E-03
               14.8854            -1.79097E-03
               14.9653            -1.61944E-03
               15.0452            -1.45886E-03
               15.1251            -1.3085E-03 
               15.205             -1.16698E-03
               15.2849            -1.03365E-03
               15.3648          -907.344E-06  
               15.4447          -787.463E-06  
               15.5247          -672.995E-06  
               15.6046          -563.402E-06  
               15.6846          -457.787E-06  
               15.7645          -355.659E-06  
               15.8445          -256.205E-06  
               15.9245          -158.979E-06  
               16.0032          -111.519E-06  




