
                  X               _temp_1     

                0.                -1.39273E-06
               80.0042E-03        -4.57406E-06
              159.999E-03         -8.64824E-06
              240.003E-03        -13.6954E-06 
              319.998E-03        -19.6968E-06 
              400.001E-03        -27.6622E-06 
              479.994E-03        -37.7647E-06 
              559.996E-03        -51.444E-06  
              639.987E-03        -69.2817E-06 
              719.985E-03        -93.4956E-06 
              799.972E-03       -125.461E-06  
              879.968E-03       -168.768E-06  
              959.948E-03       -226.291E-06  
                1.03993         -304.028E-06  
                1.1199          -407.638E-06  
                1.19987         -547.367E-06  
                1.27981         -733.992E-06  
                1.35975         -985.27E-06   
                1.43966           -1.32131E-03
                1.51954           -1.77319E-03
                1.59937           -2.37791E-03
                1.67916           -3.19012E-03
                1.75887           -4.2772E-03 
                1.83848           -5.73553E-03
                1.91795           -7.68659E-03
                1.99725           -8.16358E-03
                2.07664           -5.51521E-03
                2.15637           -2.17605E-03
                2.2363          -121.293E-06  
                2.31635          974.268E-06  
                2.39646            1.49843E-03
                2.47658            1.73703E-03
                2.55673            1.8302E-03 
                2.63688            1.84036E-03
                2.71703            1.80551E-03
                2.79717            1.74703E-03
                2.87731            1.67921E-03
                2.95744            1.60707E-03
                3.03757            1.53472E-03
                3.11768            1.46305E-03
                3.1978             1.39407E-03
                3.2779             1.3275E-03 
                3.35801            1.26408E-03
                3.43811            1.2032E-03 
                3.5182             1.14543E-03
                3.59829            1.09024E-03
                3.67838            1.03788E-03
                3.75846          987.835E-06  
                3.83854          940.436E-06  
                3.91861          895.246E-06  
                3.99868          852.332E-06  
                4.07874          811.354E-06  
                4.15881          772.572E-06  
                4.23887          735.646E-06  
                4.31893          700.56E-06   
                4.39898          667.093E-06  
                4.47903          635.408E-06  
                4.55908          605.233E-06  
                4.63913          576.592E-06  
                4.71917          549.344E-06  
                4.79922          523.523E-06  
                4.87926          498.913E-06  
                4.9593           475.596E-06  
                5.03933          453.449E-06  
                5.11937          432.452E-06  
                5.1994           412.478E-06  
                5.27944          393.588E-06  
                5.35946          375.636E-06  
                5.35947          375.636E-06  
                5.43951          358.641E-06  
                5.51953          342.528E-06  
                5.59957          327.288E-06  
                5.67959          312.818E-06  
                5.75963          299.183E-06  
                5.83965          286.278E-06  
                5.91968          274.084E-06  
                5.9997           262.564E-06  
                5.99972          262.564E-06  
                6.07975          251.729E-06  
                6.07976          251.729E-06  
                6.07977          251.729E-06  
                6.07978          251.729E-06  
                6.15979          241.474E-06  
                6.23982          231.863E-06  
                6.31985          222.843E-06  
                6.39987          214.372E-06  
                6.39989          214.372E-06  
                6.47992          206.412E-06  
                6.55994          199.014E-06  
                6.63996          192.064E-06  
                6.63998          192.064E-06  
                6.72             185.607E-06  
                6.72002          185.607E-06  
                6.80004          179.651E-06  
                6.80005          179.651E-06  
                6.88007          174.157E-06  
                6.96009          169.049E-06  
                6.96011          169.049E-06  
                7.04013          164.408E-06  
                7.12015          160.153E-06  
                7.20017          156.282E-06  
                7.28019          152.836E-06  
                7.36021          149.82E-06   
                7.44022          147.117E-06  
                7.44024          147.117E-06  
                7.52025          144.81E-06   
                7.52027          144.81E-06   
                7.60029          142.871E-06  
                7.6003           142.871E-06  
                7.68032          141.256E-06  
                7.76034          139.995E-06  
                7.84035          139.17E-06   
                7.84037          139.17E-06   
                7.92039          138.653E-06  
                8.0004           138.473E-06  
                8.08042          138.653E-06  
                8.16044          139.17E-06   
                8.24046          139.995E-06  
                8.32048          141.256E-06  
                8.40049          142.871E-06  
                8.48051          144.81E-06   
                8.56053          147.117E-06  
                8.64055          149.82E-06   
                8.72057          152.836E-06  
                8.72058          152.836E-06  
                8.8006           156.282E-06  
                8.88062          160.153E-06  
                8.96064          164.408E-06  
                8.96065          164.408E-06  
                9.04067          169.049E-06  
                9.12069          174.157E-06  
                9.12071          174.157E-06  
                9.20073          179.651E-06  
                9.28075          185.607E-06  
                9.36078          192.064E-06  
                9.4408           199.014E-06  
                9.44082          199.014E-06  
                9.52084          206.412E-06  
                9.52086          206.412E-06  
                9.60088          214.372E-06  
                9.68091          222.843E-06  
                9.68092          222.843E-06  
                9.76094          231.863E-06  
                9.76096          231.863E-06  
                9.84099          241.474E-06  
                9.92102          251.729E-06  
                9.92104          251.729E-06  
               10.0011           262.564E-06  
               10.0811           274.084E-06  
               10.1611           286.278E-06  
               10.2412           299.183E-06  
               10.3212           312.818E-06  
               10.4012           327.288E-06  
               10.4812           342.528E-06  
               10.5613           358.641E-06  
               10.6413           375.636E-06  
               10.7213           393.588E-06  
               10.8014           412.478E-06  
               10.8814           432.452E-06  
               10.9614           453.449E-06  
               11.0415           475.596E-06  
               11.1215           498.913E-06  
               11.2016           523.523E-06  
               11.2816           549.344E-06  
               11.3616           576.592E-06  
               11.4417           605.233E-06  
               11.5217           635.408E-06  
               11.6018           667.093E-06  
               11.6819           700.56E-06   
               11.7619           735.646E-06  
               11.842            772.572E-06  
               11.922            811.354E-06  
               12.0021           852.332E-06  
               12.0822           895.246E-06  
               12.1622           940.436E-06  
               12.2423           987.835E-06  
               12.3224             1.03788E-03
               12.4025             1.09024E-03
               12.4826             1.14543E-03
               12.5627             1.2032E-03 
               12.6428             1.26408E-03
               12.7229             1.3275E-03 
               12.803              1.39407E-03
               12.8831             1.46305E-03
               12.9632             1.53472E-03
               13.0433             1.60707E-03
               13.1235             1.67921E-03
               13.2036             1.74703E-03
               13.2837             1.80551E-03
               13.3639             1.84036E-03
               13.444              1.8302E-03 
               13.5242             1.73703E-03
               13.6043             1.49843E-03
               13.6844           974.268E-06  
               13.7645          -121.293E-06  
               13.8444            -2.17605E-03
               13.9241            -5.51521E-03
               14.0035            -8.16358E-03
               14.0828            -7.68659E-03
               14.1623            -5.73553E-03
               14.2419            -4.2772E-03 
               14.3216            -3.19012E-03
               14.4014            -2.37791E-03
               14.4812            -1.77319E-03
               14.5611            -1.32131E-03
               14.641           -985.27E-06   
               14.721           -733.992E-06  
               14.8009          -547.367E-06  
               14.8809          -407.638E-06  
               14.9608          -304.028E-06  
               15.0408          -226.291E-06  
               15.1208          -168.768E-06  
               15.2008          -125.461E-06  
               15.2808           -93.4956E-06 
               15.3608           -69.2817E-06 
               15.4408           -51.444E-06  
               15.5208           -37.7647E-06 
               15.6008           -27.6622E-06 
               15.6808           -19.6968E-06 
               15.7608           -13.6954E-06 
               15.8408            -8.64824E-06
               15.9208            -4.57406E-06
               16.0008            -1.39273E-06




