
                  X               _temp_1     

                0.               -29.6015E-06 
               79.9786E-03        -8.5333E-06 
              159.999E-03         -4.38016E-06
              239.978E-03         -2.81169E-06
              319.999E-03         -1.38901E-06
              399.979E-03       -978.522E-09  
              480.E-03          -757.695E-09  
              559.979E-03       -331.951E-09  
              640.001E-03         -1.12783E-06
              719.981E-03         90.4233E-09 
              800.004E-03         -1.7714E-06 
              879.983E-03        847.806E-09  
              960.01E-03          -2.33591E-06
                1.03999            2.66281E-06
                1.12001           -6.19438E-06
                1.19999            4.4179E-06 
                1.28001          -29.2496E-06 
                1.35998         -149.561E-06  
                1.44            -259.143E-06  
                1.51995         -456.839E-06  
                1.59993         -798.588E-06  
                1.67983           -1.40475E-03
                1.75971           -2.46249E-03
                1.83944           -4.32919E-03
                1.91902           -7.60413E-03
                2.00057           -7.21843E-03
                2.07782           -1.69612E-03
                2.15796            2.28808E-03
                2.23819            2.66278E-03
                2.31839            2.28097E-03
                2.39855            1.97749E-03
                2.4787             1.76722E-03
                2.55884            1.59614E-03
                2.63896            1.43552E-03
                2.71907            1.29256E-03
                2.79916            1.16094E-03
                2.87925            1.04529E-03
                2.95933          939.156E-06  
                3.0394           845.66E-06   
                3.11946          759.861E-06  
                3.19952          684.143E-06  
                3.27957          614.812E-06  
                3.35962          553.607E-06  
                3.35964          553.607E-06  
                3.43969          497.545E-06  
                3.51973          447.973E-06  
                3.59977          402.664E-06  
                3.59979          402.664E-06  
                3.67983          362.575E-06  
                3.75986          325.951E-06  
                3.75988          325.951E-06  
                3.83991          293.512E-06  
                3.83993          293.512E-06  
                3.91995          263.905E-06  
                3.99998          237.672E-06  
                4.08             213.738E-06  
                4.16002          192.529E-06  
                4.24004          173.188E-06  
                4.32006          156.044E-06  
                4.32007          156.044E-06  
                4.40008          140.416E-06  
                4.4801           126.57E-06   
                4.56011          113.948E-06  
                4.64012          102.765E-06  
                4.72013           92.5761E-06 
                4.80014           83.6174E-06 
                4.88015           75.5056E-06 
                4.96016           68.1654E-06 
                5.04016           61.527E-06  
                5.12017           55.685E-06  
                5.20018           50.3643E-06 
                5.28019           45.7255E-06 
                5.3602            41.4858E-06 
                5.44021           37.7951E-06 
                5.52021           34.4262E-06 
                5.60022           31.5148E-06 
                5.68023           28.8617E-06 
                5.76023           26.5962E-06 
                5.84024           24.5323E-06 
                5.92024           22.8042E-06 
                6.00024           21.2258E-06 
                6.08025           19.9441E-06 
                6.16025           18.7632E-06 
                6.24025           17.8443E-06 
                6.32026           16.9811E-06 
                6.40026           16.3438E-06 
                6.48026           15.7257E-06 
                6.56027           15.2942E-06 
                6.64027           14.8569E-06 
                6.72027           14.5677E-06 
                6.80028           14.2591E-06 
                6.88028           14.065E-06  
                6.96028           13.8462E-06 
                7.04028           13.7152E-06 
                7.12029           13.5587E-06 
                7.20029           13.4704E-06 
                7.2803            13.3577E-06 
                7.3603            13.2991E-06 
                7.4403            13.2181E-06 
                7.5203            13.1813E-06 
                7.60031           13.1241E-06 
                7.68031           13.1045E-06 
                7.76031           13.066E-06  
                7.84031           13.0611E-06 
                7.92031           13.0382E-06 
                8.00032           13.047E-06  
                8.08032           13.0382E-06 
                8.16032           13.0611E-06 
                8.24032           13.0659E-06 
                8.32032           13.1045E-06 
                8.40032           13.124E-06  
                8.48032           13.1812E-06 
                8.56033           13.218E-06  
                8.64033           13.299E-06  
                8.72033           13.3576E-06 
                8.80033           13.4703E-06 
                8.88034           13.5586E-06 
                8.96034           13.7151E-06 
                9.04034           13.8461E-06 
                9.12035           14.0649E-06 
                9.20035           14.259E-06  
                9.28035           14.5675E-06 
                9.36035           14.8567E-06 
                9.44035           15.294E-06  
                9.52036           15.7255E-06 
                9.60036           16.3437E-06 
                9.68037           16.9809E-06 
                9.76037           17.8441E-06 
                9.84037           18.763E-06  
                9.92037           19.9439E-06 
               10.0004            21.2256E-06 
               10.0804            22.8039E-06 
               10.1604            24.5319E-06 
               10.2404            26.596E-06  
               10.3204            28.8616E-06 
               10.4004            31.5147E-06 
               10.4804            34.4259E-06 
               10.5604            37.7947E-06 
               10.6404            41.4851E-06 
               10.7204            45.7251E-06 
               10.8004            50.3642E-06 
               10.8804            55.6851E-06 
               10.9604            61.5274E-06 
               11.0405            68.1658E-06 
               11.1205            75.5059E-06 
               11.2005            83.6174E-06 
               11.2805            92.5756E-06 
               11.3605           102.764E-06  
               11.4405           113.947E-06  
               11.5205           126.57E-06   
               11.6005           140.418E-06  
               11.6806           156.042E-06  
               11.7606           173.184E-06  
               11.8406           192.529E-06  
               11.9206           213.739E-06  
               11.9206           213.739E-06  
               12.0006           237.672E-06  
               12.0807           263.909E-06  
               12.1607           293.514E-06  
               12.1607           293.514E-06  
               12.2407           325.944E-06  
               12.2408           325.944E-06  
               12.3208           362.572E-06  
               12.4008           402.667E-06  
               12.4809           447.972E-06  
               12.5609           497.538E-06  
               12.641            553.617E-06  
               12.721            614.83E-06   
               12.8011           684.136E-06  
               12.8811           759.843E-06  
               12.9612           845.659E-06  
               13.0413           939.161E-06  
               13.1213             1.0453E-03 
               13.2014             1.16095E-03
               13.2815             1.29256E-03
               13.3616             1.4355E-03 
               13.4418             1.59613E-03
               13.5219             1.76722E-03
               13.602              1.97751E-03
               13.6822             2.28101E-03
               13.7624             2.6628E-03 
               13.8426             2.28805E-03
               13.9228            -1.69615E-03
               14.                -7.21844E-03
               14.0816            -7.60413E-03
               14.1611            -4.32919E-03
               14.2409            -2.46249E-03
               14.3208            -1.40475E-03
               14.4007          -798.588E-06  
               14.4806          -456.839E-06  
               14.5606          -259.143E-06  
               14.6406          -149.561E-06  
               14.7206           -29.2496E-06 
               14.8006             4.41797E-06
               14.8806            -6.19429E-06
               14.9606             2.66289E-06
               15.0406            -2.33584E-06
               15.1206           847.851E-09  
               15.2006            -1.77138E-06
               15.2806            90.4497E-09 
               15.3606            -1.12782E-06
               15.4406          -331.939E-09  
               15.5206          -757.688E-09  
               15.6006          -978.508E-09  
               15.6806            -1.38899E-06
               15.7606            -2.81165E-06
               15.8406            -4.3801E-06 
               15.9206            -8.53318E-06
               16.0006           -29.601E-06  




